        -:    0:Source:../../tcas.c
        -:    0:Graph:tcas_cov-tcas.gcno
        -:    0:Data:tcas_cov-tcas.gcda
        -:    0:Runs:1590
        -:    0:Programs:1
        -:    1:
        -:    2:/*  -*- Last-Edit:  Fri Jan 29 11:13:27 1993 by Tarak S. Goradia; -*- */
        -:    3:/* $Log: tcas.c,v $
        -:    4: * Revision 1.2  1993/03/12  19:29:50  foster
        -:    5: * Correct logic bug which didn't allow output of 2 - hf
        -:    6: * */
        -:    7:
        -:    8:#include <stdio.h>
        -:    9:
        -:   10:#define OLEV       600		/* in feets/minute */
        -:   11:#define MAXALTDIFF 600		/* max altitude difference in feet */
        -:   12:#define MINSEP     300          /* min separation in feet */
        -:   13:#define NOZCROSS   100		/* in feet */
        -:   14:				/* variables */
        -:   15:
        -:   16:typedef int bool;
        -:   17:
        -:   18:int Cur_Vertical_Sep;
        -:   19:bool High_Confidence;
        -:   20:bool Two_of_Three_Reports_Valid;
        -:   21:
        -:   22:int Own_Tracked_Alt;
        -:   23:int Own_Tracked_Alt_Rate;
        -:   24:int Other_Tracked_Alt;
        -:   25:
        -:   26:int Alt_Layer_Value;		/* 0, 1, 2, 3 */
        -:   27:int Positive_RA_Alt_Thresh[4];
        -:   28:
        -:   29:int Up_Separation;
        -:   30:int Down_Separation;
        -:   31:
        -:   32:				/* state variables */
        -:   33:int Other_RAC;			/* NO_INTENT, DO_NOT_CLIMB, DO_NOT_DESCEND */
        -:   34:#define NO_INTENT 0
        -:   35:#define DO_NOT_CLIMB 1
        -:   36:#define DO_NOT_DESCEND 2
        -:   37:
        -:   38:int Other_Capability;		/* TCAS_TA, OTHER */
        -:   39:#define TCAS_TA 1
        -:   40:#define OTHER 2
        -:   41:
        -:   42:int Climb_Inhibit;		/* true/false */
        -:   43:
        -:   44:#define UNRESOLVED 0
        -:   45:#define UPWARD_RA 1
        -:   46:#define DOWNWARD_RA 2
        -:   47:
function initialize called 1590 returned 100% blocks executed 100%
     1590:   48:void initialize()
        -:   49:{
     1590:   50:    Positive_RA_Alt_Thresh[0] = 400;
     1590:   51:    Positive_RA_Alt_Thresh[1] = 500;
     1590:   52:    Positive_RA_Alt_Thresh[2] = 640;
     1590:   53:    Positive_RA_Alt_Thresh[3] = 740;
     1590:   54:}
        -:   55:
function ALIM called 1144 returned 100% blocks executed 100%
     1144:   56:int ALIM ()
        -:   57:{
     1144:   58: return Positive_RA_Alt_Thresh[Alt_Layer_Value];
        -:   59:}
        -:   60:
function Inhibit_Biased_Climb called 1790 returned 100% blocks executed 100%
     1790:   61:int Inhibit_Biased_Climb ()
        -:   62:{
     1790:   63:    return (Climb_Inhibit ? Up_Separation + NOZCROSS : Up_Separation);
branch  0 taken 60%
branch  1 taken 40%
        -:   64:}
        -:   65:
function Non_Crossing_Biased_Climb called 895 returned 100% blocks executed 100%
      895:   66:bool Non_Crossing_Biased_Climb()
        -:   67:{
        -:   68:    int upward_preferred;
        -:   69:    int upward_crossing_situation;
        -:   70:    bool result;
        -:   71:
      895:   72:    upward_preferred = Inhibit_Biased_Climb() > Down_Separation;
      895:   73:    if (upward_preferred)
branch  0 taken 54%
branch  1 taken 46%
        -:   74:    {
      482:   75:	result = !(Own_Below_Threat()) || ((Own_Below_Threat()) && (!(Down_Separation >= ALIM())));
branch  0 taken 33%
branch  1 taken 67%
branch  2 taken 0%
branch  3 taken 100%
        -:   76:    //printf("result:%d\n", result);
      482:   77:    }
        -:   78:    else
        -:   79:    {	
      413:   80:	result = Own_Above_Threat() && (Cur_Vertical_Sep >= MINSEP) && (Up_Separation >= ALIM());
branch  0 taken 60%
branch  1 taken 40%
branch  2 taken 0%
branch  3 taken 100%
        -:   81:    }
      895:   82:    return result;
        -:   83:}
        -:   84:
function Non_Crossing_Biased_Descend called 895 returned 100% blocks executed 100%
      895:   85:bool Non_Crossing_Biased_Descend()
        -:   86:{
        -:   87:    int upward_preferred;
        -:   88:    int upward_crossing_situation;
        -:   89:    bool result;
        -:   90:
      895:   91:    upward_preferred = Inhibit_Biased_Climb() > Down_Separation;
      895:   92:    if (upward_preferred)
branch  0 taken 54%
branch  1 taken 46%
        -:   93:    {
      482:   94:	result = Own_Below_Threat() && (Cur_Vertical_Sep >= MINSEP) && (Down_Separation >= ALIM());
branch  0 taken 67%
branch  1 taken 33%
branch  2 taken 0%
branch  3 taken 100%
      482:   95:    }
        -:   96:    else
        -:   97:    {
      413:   98:	result = !(Own_Above_Threat()) || ((Own_Above_Threat()) && (Up_Separation >= ALIM()));
branch  0 taken 40%
branch  1 taken 60%
branch  2 taken 0%
branch  3 taken 100%
        -:   99:    }
      895:  100:    return result;
        -:  101:}
        -:  102:
function Own_Below_Threat called 1724 returned 100% blocks executed 100%
     1724:  103:bool Own_Below_Threat()
        -:  104:{
     1724:  105:    return (Own_Tracked_Alt < Other_Tracked_Alt);
        -:  106:}
        -:  107:
function Own_Above_Threat called 1542 returned 100% blocks executed 100%
     1542:  108:bool Own_Above_Threat()
        -:  109:{
     1542:  110:    return (Other_Tracked_Alt < Own_Tracked_Alt);
        -:  111:}
        -:  112:
function alt_sep_test called 1590 returned 172% blocks executed 92%
     1590:  113:int alt_sep_test()
        -:  114:{
        -:  115:    bool enabled, tcas_equipped, intent_not_known;
        -:  116:    bool need_upward_RA, need_downward_RA;
        -:  117:    int alt_sep;
        -:  118:
     1590:  119:    enabled = High_Confidence && (Own_Tracked_Alt_Rate <= OLEV) && (Cur_Vertical_Sep > MAXALTDIFF);
branch  0 taken 76%
branch  1 taken 24%
branch  2 taken 6%
branch  3 taken 94%
     1590:  120:    tcas_equipped = Other_Capability == TCAS_TA;
     1590:  121:    intent_not_known = Two_of_Three_Reports_Valid && Other_RAC == NO_INTENT;
branch  0 taken 55%
branch  1 taken 45%
        -:  122:    
     1590:  123:    alt_sep = UNRESOLVED;
        -:  124:
     1590:  125:    if (enabled && ((tcas_equipped && intent_not_known) || !tcas_equipped))
branch  0 taken 66%
branch  1 taken 34%
branch  2 taken 30%
branch  3 taken 70%
branch  4 taken 61%
branch  5 taken 39%
        -:  126:    {
        -:  127:    //printf("enabled\n");
      895:  128:	need_upward_RA = Non_Crossing_Biased_Climb() && Own_Below_Threat();
branch  0 taken 51%
branch  1 taken 49%
      895:  129:	need_downward_RA = Non_Crossing_Biased_Descend() && Own_Above_Threat();
branch  0 taken 48%
branch  1 taken 52%
      895:  130:	if (need_upward_RA && need_downward_RA)
branch  0 taken 17%
branch  1 taken 83%
branch  2 taken 100%
branch  3 taken 0%
        -:  131:        /* unreachable: requires Own_Below_Threat and Own_Above_Threat
        -:  132:           to both be true - that requires Own_Tracked_Alt < Other_Tracked_Alt
        -:  133:           and Other_Tracked_Alt < Own_Tracked_Alt, which isn't possible */
    #####:  134:	    alt_sep = UNRESOLVED;
      895:  135:	else if (need_upward_RA){
branch  0 taken 17%
branch  1 taken 83%
        -:  136:        //printf("need_upward_RA\n");
      149:  137:	    alt_sep = UPWARD_RA;
      149:  138:    }
      746:  139:	else if (need_downward_RA)
branch  0 taken 17%
branch  1 taken 83%
      129:  140:	    alt_sep = DOWNWARD_RA;
        -:  141:	else
      617:  142:	    alt_sep = UNRESOLVED;
      895:  143:    }
        -:  144:    
     2750:  145:    return alt_sep;
        -:  146:}
        -:  147:
function main called 1590 returned 100% blocks executed 66%
     1590:  148:main(argc, argv)
        -:  149:int argc;
        -:  150:char *argv[];
        -:  151:{
     1590:  152:    if(argc < 13)
branch  0 taken 0%
branch  1 taken 100%
        -:  153:    {
    #####:  154:	fprintf(stdout, "Error: Command line arguments are\n");
    #####:  155:	fprintf(stdout, "Cur_Vertical_Sep, High_Confidence, Two_of_Three_Reports_Valid\n");
    #####:  156:	fprintf(stdout, "Own_Tracked_Alt, Own_Tracked_Alt_Rate, Other_Tracked_Alt\n");
    #####:  157:	fprintf(stdout, "Alt_Layer_Value, Up_Separation, Down_Separation\n");
    #####:  158:	fprintf(stdout, "Other_RAC, Other_Capability, Climb_Inhibit\n");
    #####:  159:	exit(1);
        -:  160:    }
     1590:  161:    initialize();
     1590:  162:    Cur_Vertical_Sep = atoi(argv[1]);
     1590:  163:    High_Confidence = atoi(argv[2]);
     1590:  164:    Two_of_Three_Reports_Valid = atoi(argv[3]);
     1590:  165:    Own_Tracked_Alt = atoi(argv[4]);
     1590:  166:    Own_Tracked_Alt_Rate = atoi(argv[5]);
     1590:  167:    Other_Tracked_Alt = atoi(argv[6]);
     1590:  168:    Alt_Layer_Value = atoi(argv[7]);
     1590:  169:    Up_Separation = atoi(argv[8]);
     1590:  170:    Down_Separation = atoi(argv[9]);
     1590:  171:    Other_RAC = atoi(argv[10]);
     1590:  172:    Other_Capability = atoi(argv[11]);
     1590:  173:    Climb_Inhibit = atoi(argv[12]);
        -:  174:
     1590:  175:    fprintf(stdout, "%d\n", alt_sep_test());
     1590:  176:    exit(0);
        -:  177:}
